22-Apr-2026 21:40:56.496 INFO [http-nio-8000-exec-7] org.apache.catalina.core.ApplicationContext.log Manager: init: Associated with Deployer 'Catalina:type=Deployer,host=localhost'
22-Apr-2026 21:40:56.496 INFO [http-nio-8000-exec-7] org.apache.catalina.core.ApplicationContext.log Manager: init: Global resources are available
22-Apr-2026 21:40:56.539 INFO [http-nio-8000-exec-6] org.apache.catalina.core.ApplicationContext.log Manager: list: Listing contexts for virtual host 'localhost'
22-Apr-2026 21:40:56.543 INFO [http-nio-8000-exec-9] org.apache.catalina.core.ApplicationContext.log Manager: list: Listing contexts for virtual host 'localhost'
22-Apr-2026 21:40:56.550 INFO [http-nio-8000-exec-1] org.apache.catalina.core.ApplicationContext.log Manager: undeploy: Undeploying web application at '/w2120204_SmartCampus_CW1'
22-Apr-2026 21:40:57.111 INFO [http-nio-8000-exec-10] org.apache.catalina.core.ApplicationContext.log Manager: install: Installing context configuration at 'file:/C:/Users/vishm/AppData/Local/Temp/context10006475012745448766.xml'
22-Apr-2026 21:40:58.376 INFO [http-nio-8000-exec-2] org.apache.catalina.core.ApplicationContext.log Manager: start: Starting web application '/w2120204_SmartCampus_CW1'
22-Apr-2026 21:49:44.221 INFO [http-nio-8000-exec-14] org.apache.catalina.core.ApplicationContext.log Manager: list: Listing contexts for virtual host 'localhost'
22-Apr-2026 21:49:44.225 INFO [http-nio-8000-exec-15] org.apache.catalina.core.ApplicationContext.log Manager: undeploy: Undeploying web application at '/w2120204_SmartCampus_CW1'
22-Apr-2026 21:50:01.356 INFO [http-nio-8000-exec-16] org.apache.catalina.core.ApplicationContext.log Manager: list: Listing contexts for virtual host 'localhost'
22-Apr-2026 21:50:01.358 INFO [http-nio-8000-exec-17] org.apache.catalina.core.ApplicationContext.log Manager: list: Listing contexts for virtual host 'localhost'
22-Apr-2026 21:50:01.365 INFO [http-nio-8000-exec-19] org.apache.catalina.core.ApplicationContext.log Manager: install: Installing context configuration at 'file:/C:/Users/vishm/AppData/Local/Temp/context14034727825728420573.xml'
22-Apr-2026 21:50:02.402 INFO [http-nio-8000-exec-11] org.apache.catalina.core.ApplicationContext.log Manager: start: Starting web application '/w2120204_SmartCampus_CW1'
22-Apr-2026 21:52:02.400 INFO [http-nio-8000-exec-28] org.apache.catalina.core.ApplicationContext.log Manager: list: Listing contexts for virtual host 'localhost'
22-Apr-2026 21:52:02.404 INFO [http-nio-8000-exec-29] org.apache.catalina.core.ApplicationContext.log Manager: undeploy: Undeploying web application at '/w2120204_SmartCampus_CW1'
22-Apr-2026 21:52:07.144 INFO [http-nio-8000-exec-22] org.apache.catalina.core.ApplicationContext.log Manager: list: Listing contexts for virtual host 'localhost'
22-Apr-2026 21:52:30.190 INFO [http-nio-8000-exec-31] org.apache.catalina.core.ApplicationContext.log Manager: list: Listing contexts for virtual host 'localhost'
22-Apr-2026 21:52:30.198 INFO [http-nio-8000-exec-25] org.apache.catalina.core.ApplicationContext.log Manager: list: Listing contexts for virtual host 'localhost'
22-Apr-2026 21:52:30.290 INFO [http-nio-8000-exec-27] org.apache.catalina.core.ApplicationContext.log Manager: install: Installing context configuration at 'file:/C:/Users/vishm/AppData/Local/Temp/context17015457614414662612.xml'
22-Apr-2026 21:52:35.415 INFO [http-nio-8000-exec-28] org.apache.catalina.core.ApplicationContext.log Manager: start: Starting web application '/w2120204_SmartCampus_CW1'
