19-Apr-2026 09:49:53.005 INFO [http-nio-8000-exec-6] org.apache.catalina.core.ApplicationContext.log Manager: init: Associated with Deployer 'Catalina:type=Deployer,host=localhost'
19-Apr-2026 09:49:53.006 INFO [http-nio-8000-exec-6] org.apache.catalina.core.ApplicationContext.log Manager: init: Global resources are available
19-Apr-2026 09:53:55.099 INFO [http-nio-8000-exec-3] org.apache.catalina.core.ApplicationContext.log Manager: init: Associated with Deployer 'Catalina:type=Deployer,host=localhost'
19-Apr-2026 09:53:55.099 INFO [http-nio-8000-exec-3] org.apache.catalina.core.ApplicationContext.log Manager: init: Global resources are available
19-Apr-2026 10:30:33.866 INFO [http-nio-8000-exec-7] org.apache.catalina.core.ApplicationContext.log Manager: init: Associated with Deployer 'Catalina:type=Deployer,host=localhost'
19-Apr-2026 10:30:33.866 INFO [http-nio-8000-exec-7] org.apache.catalina.core.ApplicationContext.log Manager: init: Global resources are available
19-Apr-2026 10:36:26.198 INFO [http-nio-8000-exec-3] org.apache.catalina.core.ApplicationContext.log Manager: list: Listing contexts for virtual host 'localhost'
19-Apr-2026 10:36:26.284 INFO [http-nio-8000-exec-4] org.apache.catalina.core.ApplicationContext.log Manager: list: Listing contexts for virtual host 'localhost'
19-Apr-2026 10:36:26.311 INFO [http-nio-8000-exec-2] org.apache.catalina.core.ApplicationContext.log Manager: install: Installing context configuration at 'file:/C:/Users/vishm/AppData/Local/Temp/context15901106830033548899.xml'
19-Apr-2026 10:36:26.655 INFO [http-nio-8000-exec-8] org.apache.catalina.core.ApplicationContext.log Manager: start: Starting web application '/w2120204_SmartCampus_CW1'
19-Apr-2026 10:38:01.221 INFO [http-nio-8000-exec-2] org.apache.catalina.core.ApplicationContext.log Manager: init: Associated with Deployer 'Catalina:type=Deployer,host=localhost'
19-Apr-2026 10:38:01.221 INFO [http-nio-8000-exec-2] org.apache.catalina.core.ApplicationContext.log Manager: init: Global resources are available
19-Apr-2026 10:38:01.232 INFO [http-nio-8000-exec-7] org.apache.catalina.core.ApplicationContext.log Manager: list: Listing contexts for virtual host 'localhost'
19-Apr-2026 10:38:01.239 INFO [http-nio-8000-exec-5] org.apache.catalina.core.ApplicationContext.log Manager: undeploy: Undeploying web application at '/w2120204_SmartCampus_CW1'
19-Apr-2026 10:38:01.798 INFO [http-nio-8000-exec-8] org.apache.catalina.core.ApplicationContext.log Manager: install: Installing context configuration at 'file:/C:/Users/vishm/AppData/Local/Temp/context2155851370052374233.xml'
19-Apr-2026 10:38:02.069 INFO [http-nio-8000-exec-7] org.apache.catalina.core.ApplicationContext.log Manager: start: Starting web application '/w2120204_SmartCampus_CW1'
19-Apr-2026 10:38:57.360 INFO [http-nio-8000-exec-11] org.apache.catalina.core.ApplicationContext.log Manager: list: Listing contexts for virtual host 'localhost'
19-Apr-2026 10:38:57.362 INFO [http-nio-8000-exec-12] org.apache.catalina.core.ApplicationContext.log Manager: list: Listing contexts for virtual host 'localhost'
19-Apr-2026 10:38:57.366 INFO [http-nio-8000-exec-13] org.apache.catalina.core.ApplicationContext.log Manager: undeploy: Undeploying web application at '/w2120204_SmartCampus_CW1'
19-Apr-2026 10:38:57.877 INFO [http-nio-8000-exec-3] org.apache.catalina.core.ApplicationContext.log Manager: install: Installing context configuration at 'file:/C:/Users/vishm/AppData/Local/Temp/context228564515752877686.xml'
19-Apr-2026 10:38:58.150 INFO [http-nio-8000-exec-15] org.apache.catalina.core.ApplicationContext.log Manager: start: Starting web application '/w2120204_SmartCampus_CW1'
19-Apr-2026 10:43:14.090 INFO [http-nio-8000-exec-2] org.apache.catalina.core.ApplicationContext.log Manager: init: Associated with Deployer 'Catalina:type=Deployer,host=localhost'
19-Apr-2026 10:43:14.090 INFO [http-nio-8000-exec-2] org.apache.catalina.core.ApplicationContext.log Manager: init: Global resources are available
19-Apr-2026 10:43:14.102 INFO [http-nio-8000-exec-1] org.apache.catalina.core.ApplicationContext.log Manager: list: Listing contexts for virtual host 'localhost'
19-Apr-2026 10:43:14.106 INFO [http-nio-8000-exec-4] org.apache.catalina.core.ApplicationContext.log Manager: list: Listing contexts for virtual host 'localhost'
19-Apr-2026 10:43:14.111 INFO [http-nio-8000-exec-7] org.apache.catalina.core.ApplicationContext.log Manager: undeploy: Undeploying web application at '/w2120204_SmartCampus_CW1'
19-Apr-2026 10:43:14.677 INFO [http-nio-8000-exec-8] org.apache.catalina.core.ApplicationContext.log Manager: install: Installing context configuration at 'file:/C:/Users/vishm/AppData/Local/Temp/context5982857283139692706.xml'
19-Apr-2026 10:43:16.872 INFO [http-nio-8000-exec-9] org.apache.catalina.core.ApplicationContext.log Manager: start: Starting web application '/w2120204_SmartCampus_CW1'
19-Apr-2026 14:30:49.271 INFO [http-nio-8000-exec-3] org.apache.catalina.core.ApplicationContext.log Manager: init: Associated with Deployer 'Catalina:type=Deployer,host=localhost'
19-Apr-2026 14:30:49.271 INFO [http-nio-8000-exec-3] org.apache.catalina.core.ApplicationContext.log Manager: init: Global resources are available
19-Apr-2026 14:30:49.288 INFO [http-nio-8000-exec-3] org.apache.catalina.core.ApplicationContext.log Manager: list: Listing contexts for virtual host 'localhost'
19-Apr-2026 14:30:49.293 INFO [http-nio-8000-exec-6] org.apache.catalina.core.ApplicationContext.log Manager: list: Listing contexts for virtual host 'localhost'
19-Apr-2026 14:30:49.303 INFO [http-nio-8000-exec-7] org.apache.catalina.core.ApplicationContext.log Manager: undeploy: Undeploying web application at '/w2120204_SmartCampus_CW1'
19-Apr-2026 14:30:49.910 INFO [http-nio-8000-exec-4] org.apache.catalina.core.ApplicationContext.log Manager: install: Installing context configuration at 'file:/C:/Users/vishm/AppData/Local/Temp/context6564609816614327041.xml'
19-Apr-2026 14:30:51.184 INFO [http-nio-8000-exec-1] org.apache.catalina.core.ApplicationContext.log Manager: start: Starting web application '/w2120204_SmartCampus_CW1'
19-Apr-2026 14:38:45.996 INFO [http-nio-8000-exec-2] org.apache.catalina.core.ApplicationContext.log Manager: init: Associated with Deployer 'Catalina:type=Deployer,host=localhost'
19-Apr-2026 14:38:45.996 INFO [http-nio-8000-exec-2] org.apache.catalina.core.ApplicationContext.log Manager: init: Global resources are available
19-Apr-2026 14:38:46.007 INFO [http-nio-8000-exec-1] org.apache.catalina.core.ApplicationContext.log Manager: list: Listing contexts for virtual host 'localhost'
19-Apr-2026 14:38:46.012 INFO [http-nio-8000-exec-4] org.apache.catalina.core.ApplicationContext.log Manager: list: Listing contexts for virtual host 'localhost'
19-Apr-2026 14:38:46.017 INFO [http-nio-8000-exec-5] org.apache.catalina.core.ApplicationContext.log Manager: undeploy: Undeploying web application at '/w2120204_SmartCampus_CW1'
19-Apr-2026 14:38:46.569 INFO [http-nio-8000-exec-1] org.apache.catalina.core.ApplicationContext.log Manager: install: Installing context configuration at 'file:/C:/Users/vishm/AppData/Local/Temp/context2614420864258824354.xml'
19-Apr-2026 14:38:47.601 INFO [http-nio-8000-exec-6] org.apache.catalina.core.ApplicationContext.log Manager: start: Starting web application '/w2120204_SmartCampus_CW1'
19-Apr-2026 16:13:05.036 INFO [http-nio-8000-exec-2] org.apache.catalina.core.ApplicationContext.log Manager: init: Associated with Deployer 'Catalina:type=Deployer,host=localhost'
19-Apr-2026 16:13:05.036 INFO [http-nio-8000-exec-2] org.apache.catalina.core.ApplicationContext.log Manager: init: Global resources are available
19-Apr-2026 16:13:05.050 INFO [http-nio-8000-exec-1] org.apache.catalina.core.ApplicationContext.log Manager: list: Listing contexts for virtual host 'localhost'
19-Apr-2026 16:13:05.055 INFO [http-nio-8000-exec-7] org.apache.catalina.core.ApplicationContext.log Manager: list: Listing contexts for virtual host 'localhost'
19-Apr-2026 16:13:05.063 INFO [http-nio-8000-exec-6] org.apache.catalina.core.ApplicationContext.log Manager: undeploy: Undeploying web application at '/w2120204_SmartCampus_CW1'
19-Apr-2026 16:13:05.648 INFO [http-nio-8000-exec-4] org.apache.catalina.core.ApplicationContext.log Manager: install: Installing context configuration at 'file:/C:/Users/vishm/AppData/Local/Temp/context9784589588913400214.xml'
19-Apr-2026 16:13:06.748 INFO [http-nio-8000-exec-8] org.apache.catalina.core.ApplicationContext.log Manager: start: Starting web application '/w2120204_SmartCampus_CW1'
19-Apr-2026 16:16:51.385 INFO [http-nio-8000-exec-2] org.apache.catalina.core.ApplicationContext.log Manager: init: Associated with Deployer 'Catalina:type=Deployer,host=localhost'
19-Apr-2026 16:16:51.385 INFO [http-nio-8000-exec-2] org.apache.catalina.core.ApplicationContext.log Manager: init: Global resources are available
19-Apr-2026 16:16:51.401 INFO [http-nio-8000-exec-1] org.apache.catalina.core.ApplicationContext.log Manager: list: Listing contexts for virtual host 'localhost'
19-Apr-2026 16:16:51.406 INFO [http-nio-8000-exec-5] org.apache.catalina.core.ApplicationContext.log Manager: list: Listing contexts for virtual host 'localhost'
19-Apr-2026 16:16:51.414 INFO [http-nio-8000-exec-6] org.apache.catalina.core.ApplicationContext.log Manager: undeploy: Undeploying web application at '/w2120204_SmartCampus_CW1'
19-Apr-2026 16:16:51.980 INFO [http-nio-8000-exec-10] org.apache.catalina.core.ApplicationContext.log Manager: install: Installing context configuration at 'file:/C:/Users/vishm/AppData/Local/Temp/context12233290039100949097.xml'
19-Apr-2026 16:16:53.481 INFO [http-nio-8000-exec-8] org.apache.catalina.core.ApplicationContext.log Manager: start: Starting web application '/w2120204_SmartCampus_CW1'
19-Apr-2026 16:19:44.718 INFO [http-nio-8000-exec-2] org.apache.catalina.core.ApplicationContext.log Manager: init: Associated with Deployer 'Catalina:type=Deployer,host=localhost'
19-Apr-2026 16:19:44.718 INFO [http-nio-8000-exec-2] org.apache.catalina.core.ApplicationContext.log Manager: init: Global resources are available
19-Apr-2026 16:19:44.729 INFO [http-nio-8000-exec-4] org.apache.catalina.core.ApplicationContext.log Manager: list: Listing contexts for virtual host 'localhost'
19-Apr-2026 16:19:44.732 INFO [http-nio-8000-exec-6] org.apache.catalina.core.ApplicationContext.log Manager: list: Listing contexts for virtual host 'localhost'
19-Apr-2026 16:19:44.738 INFO [http-nio-8000-exec-8] org.apache.catalina.core.ApplicationContext.log Manager: undeploy: Undeploying web application at '/w2120204_SmartCampus_CW1'
19-Apr-2026 16:19:45.292 INFO [http-nio-8000-exec-10] org.apache.catalina.core.ApplicationContext.log Manager: install: Installing context configuration at 'file:/C:/Users/vishm/AppData/Local/Temp/context11533401299274414954.xml'
19-Apr-2026 16:19:46.507 INFO [http-nio-8000-exec-6] org.apache.catalina.core.ApplicationContext.log Manager: start: Starting web application '/w2120204_SmartCampus_CW1'
19-Apr-2026 16:21:55.020 INFO [http-nio-8000-exec-2] org.apache.catalina.core.ApplicationContext.log Manager: init: Associated with Deployer 'Catalina:type=Deployer,host=localhost'
19-Apr-2026 16:21:55.020 INFO [http-nio-8000-exec-2] org.apache.catalina.core.ApplicationContext.log Manager: init: Global resources are available
19-Apr-2026 16:21:55.031 INFO [http-nio-8000-exec-9] org.apache.catalina.core.ApplicationContext.log Manager: list: Listing contexts for virtual host 'localhost'
19-Apr-2026 16:21:55.034 INFO [http-nio-8000-exec-6] org.apache.catalina.core.ApplicationContext.log Manager: list: Listing contexts for virtual host 'localhost'
19-Apr-2026 16:21:55.039 INFO [http-nio-8000-exec-5] org.apache.catalina.core.ApplicationContext.log Manager: undeploy: Undeploying web application at '/w2120204_SmartCampus_CW1'
19-Apr-2026 16:21:55.624 INFO [http-nio-8000-exec-3] org.apache.catalina.core.ApplicationContext.log Manager: install: Installing context configuration at 'file:/C:/Users/vishm/AppData/Local/Temp/context4427472781952886087.xml'
19-Apr-2026 16:21:56.768 INFO [http-nio-8000-exec-8] org.apache.catalina.core.ApplicationContext.log Manager: start: Starting web application '/w2120204_SmartCampus_CW1'
19-Apr-2026 16:23:20.976 INFO [http-nio-8000-exec-3] org.apache.catalina.core.ApplicationContext.log Manager: init: Associated with Deployer 'Catalina:type=Deployer,host=localhost'
19-Apr-2026 16:23:20.976 INFO [http-nio-8000-exec-3] org.apache.catalina.core.ApplicationContext.log Manager: init: Global resources are available
19-Apr-2026 16:23:20.994 INFO [http-nio-8000-exec-10] org.apache.catalina.core.ApplicationContext.log Manager: list: Listing contexts for virtual host 'localhost'
19-Apr-2026 16:23:20.997 INFO [http-nio-8000-exec-4] org.apache.catalina.core.ApplicationContext.log Manager: list: Listing contexts for virtual host 'localhost'
19-Apr-2026 16:23:21.002 INFO [http-nio-8000-exec-6] org.apache.catalina.core.ApplicationContext.log Manager: undeploy: Undeploying web application at '/w2120204_SmartCampus_CW1'
19-Apr-2026 16:23:21.553 INFO [http-nio-8000-exec-10] org.apache.catalina.core.ApplicationContext.log Manager: install: Installing context configuration at 'file:/C:/Users/vishm/AppData/Local/Temp/context4732743489680956496.xml'
19-Apr-2026 16:23:22.745 INFO [http-nio-8000-exec-8] org.apache.catalina.core.ApplicationContext.log Manager: start: Starting web application '/w2120204_SmartCampus_CW1'
19-Apr-2026 19:19:07.868 INFO [http-nio-8000-exec-6] org.apache.catalina.core.ApplicationContext.log Manager: init: Associated with Deployer 'Catalina:type=Deployer,host=localhost'
19-Apr-2026 19:19:07.868 INFO [http-nio-8000-exec-6] org.apache.catalina.core.ApplicationContext.log Manager: init: Global resources are available
19-Apr-2026 19:19:07.917 INFO [http-nio-8000-exec-8] org.apache.catalina.core.ApplicationContext.log Manager: list: Listing contexts for virtual host 'localhost'
19-Apr-2026 19:19:07.920 INFO [http-nio-8000-exec-9] org.apache.catalina.core.ApplicationContext.log Manager: list: Listing contexts for virtual host 'localhost'
19-Apr-2026 19:19:07.925 INFO [http-nio-8000-exec-10] org.apache.catalina.core.ApplicationContext.log Manager: undeploy: Undeploying web application at '/w2120204_SmartCampus_CW1'
19-Apr-2026 19:19:08.473 INFO [http-nio-8000-exec-6] org.apache.catalina.core.ApplicationContext.log Manager: install: Installing context configuration at 'file:/C:/Users/vishm/AppData/Local/Temp/context2403522773195764525.xml'
19-Apr-2026 19:19:09.577 INFO [http-nio-8000-exec-5] org.apache.catalina.core.ApplicationContext.log Manager: start: Starting web application '/w2120204_SmartCampus_CW1'
19-Apr-2026 19:36:44.072 INFO [http-nio-8000-exec-18] org.apache.catalina.core.ApplicationContext.log Manager: list: Listing contexts for virtual host 'localhost'
19-Apr-2026 19:36:44.088 INFO [http-nio-8000-exec-19] org.apache.catalina.core.ApplicationContext.log Manager: undeploy: Undeploying web application at '/w2120204_SmartCampus_CW1'
19-Apr-2026 19:37:00.125 INFO [http-nio-8000-exec-22] org.apache.catalina.core.ApplicationContext.log Manager: list: Listing contexts for virtual host 'localhost'
19-Apr-2026 19:37:00.127 INFO [http-nio-8000-exec-17] org.apache.catalina.core.ApplicationContext.log Manager: list: Listing contexts for virtual host 'localhost'
19-Apr-2026 19:37:00.139 INFO [http-nio-8000-exec-20] org.apache.catalina.core.ApplicationContext.log Manager: install: Installing context configuration at 'file:/C:/Users/vishm/AppData/Local/Temp/context13813122470562600901.xml'
19-Apr-2026 19:37:01.049 INFO [http-nio-8000-exec-16] org.apache.catalina.core.ApplicationContext.log Manager: start: Starting web application '/w2120204_SmartCampus_CW1'
19-Apr-2026 21:24:42.042 INFO [http-nio-8000-exec-3] org.apache.catalina.core.ApplicationContext.log Manager: init: Associated with Deployer 'Catalina:type=Deployer,host=localhost'
19-Apr-2026 21:24:42.042 INFO [http-nio-8000-exec-3] org.apache.catalina.core.ApplicationContext.log Manager: init: Global resources are available
19-Apr-2026 21:24:42.138 INFO [http-nio-8000-exec-3] org.apache.catalina.core.ApplicationContext.log Manager: list: Listing contexts for virtual host 'localhost'
19-Apr-2026 21:24:42.153 INFO [http-nio-8000-exec-7] org.apache.catalina.core.ApplicationContext.log Manager: list: Listing contexts for virtual host 'localhost'
19-Apr-2026 21:24:42.168 INFO [http-nio-8000-exec-6] org.apache.catalina.core.ApplicationContext.log Manager: undeploy: Undeploying web application at '/w2120204_SmartCampus_CW1'
19-Apr-2026 21:24:42.792 INFO [http-nio-8000-exec-8] org.apache.catalina.core.ApplicationContext.log Manager: install: Installing context configuration at 'file:/C:/Users/vishm/AppData/Local/Temp/context13761466913706071725.xml'
19-Apr-2026 21:24:45.097 INFO [http-nio-8000-exec-10] org.apache.catalina.core.ApplicationContext.log Manager: start: Starting web application '/w2120204_SmartCampus_CW1'
